  0. t000 = 2
  1. printMat Starts
  2. t001 = 0
  3. i = t001
  4. t002 = 2
  5. if (i < t002) goto 11
  6. goto 32
  7. goto 32
  8. t003 = i
  9. i = i + 1
 10. goto 4
 11. t004 = 0
 12. j = t004
 13. t005 = 2
 14. if (j < t005) goto 20
 15. goto 29
 16. goto 29
 17. t006 = j
 18. j = j + 1
 19. goto 13
 20. t007 = i * 8
 21. t008 = j * 4
 22. t007 = t007 + t008
 23. t009 = a[t007]
 24. param t009
 25. t010 = call printi, 1
 26. param .LC0
 27. t011 = call prints, 1
 28. goto 17
 29. param .LC1
 30. t012 = call prints, 1
 31. goto 8
 32. param .LC1
 33. t013 = call prints, 1
 34. printMat Ends
 35. t014 = 2
 36. t015 = 2
 37. copy Starts
 38. t016 = 0
 39. i = t016
 40. t017 = 2
 41. if (i < t017) goto 47
 42. goto 66
 43. goto 66
 44. t018 = i
 45. i = i + 1
 46. goto 40
 47. t019 = 0
 48. j = t019
 49. t020 = 2
 50. if (j < t020) goto 56
 51. goto 44
 52. goto 65
 53. t021 = j
 54. j = j + 1
 55. goto 49
 56. t022 = i * 8
 57. t023 = j * 4
 58. t022 = t022 + t023
 59. t024 = i * 8
 60. t025 = j * 4
 61. t024 = t024 + t025
 62. t026 = b[t024]
 63. a[t022] = t026
 64. goto 53
 65. goto 44
 66. copy Ends
 67. t027 = 2
 68. t028 = 2
 69. mult Starts
 70. t029 = 2
 71. t030 = 2
 72. t031 = 0
 73. i = t031
 74. t032 = 2
 75. if (i < t032) goto 81
 76. goto 125
 77. goto 125
 78. t033 = i
 79. i = i + 1
 80. goto 74
 81. t034 = 0
 82. j = t034
 83. t035 = 2
 84. if (j < t035) goto 90
 85. goto 78
 86. goto 124
 87. t036 = j
 88. j = j + 1
 89. goto 83
 90. t037 = i * 8
 91. t038 = j * 4
 92. t037 = t037 + t038
 93. t039 = 0
 94. c[t037] = t039
 95. t040 = 0
 96. k = t040
 97. t041 = 2
 98. if (k < t041) goto 104
 99. goto 87
100. goto 123
101. t042 = k
102. k = k + 1
103. goto 97
104. t043 = i * 8
105. t044 = j * 4
106. t043 = t043 + t044
107. t045 = i * 8
108. t046 = j * 4
109. t045 = t045 + t046
110. t047 = c[t045]
111. t048 = i * 8
112. t049 = k * 4
113. t048 = t048 + t049
114. t050 = a[t048]
115. t051 = k * 8
116. t052 = j * 4
117. t051 = t051 + t052
118. t053 = b[t051]
119. t054 = t050 * t053
120. t055 = t047 + t054
121. c[t043] = t055
122. goto 101
123. goto 87
124. goto 78
125. param c
126. param a
127. t056 = call copy, 2
128. mult Ends
129. t057 = 2
130. power Starts
131. t058 = 2
132. t059 = 2
133. t060 = 0
134. i = t060
135. t061 = 2
136. if (i < t061) goto 142
137. goto 168
138. goto 168
139. t062 = i
140. i = i + 1
141. goto 135
142. t063 = 0
143. j = t063
144. t064 = 2
145. if (j < t064) goto 151
146. goto 139
147. goto 167
148. t065 = j
149. j = j + 1
150. goto 144
151. if (i == j) goto 154
152. goto 160
153. goto 166
154. t066 = i * 8
155. t067 = j * 4
156. t066 = t066 + t067
157. t068 = 1
158. unit[t066] = t068
159. goto 148
160. t069 = i * 8
161. t070 = j * 4
162. t069 = t069 + t070
163. t071 = 0
164. unit[t069] = t071
165. goto 148
166. goto 148
167. goto 139
168. t072 = 0
169. if (n > t072) goto 172
170. goto 189
171. goto 189
172. t073 = 2
173. t074 = n % t073
174. t075 = 1
175. if (t074 == t075) goto 178
176. goto 182
177. goto 182
178. param a
179. param unit
180. t076 = call mult, 2
181. goto 182
182. param a
183. param a
184. t077 = call mult, 2
185. t078 = 2
186. t079 = n / t078
187. n = t079
188. goto 168
189. param unit
190. param a
191. t080 = call copy, 2
192. power Ends
193. getFib Starts
194. t081 = 1
195. if (n <= t081) goto 198
196. goto 200
197. goto 200
198. return n
199. goto 200
200. t082 = 2
201. t083 = 2
202. t084 = 0
203. t085 = t084 * 8
204. t086 = 0
205. t087 = t086 * 4
206. t085 = t085 + t087
207. t088 = 1
208. a[t085] = t088
209. t089 = 0
210. t090 = t089 * 8
211. t091 = 1
212. t092 = t091 * 4
213. t090 = t090 + t092
214. t093 = 1
215. a[t090] = t093
216. t094 = 1
217. t095 = t094 * 8
218. t096 = 0
219. t097 = t096 * 4
220. t095 = t095 + t097
221. t098 = 1
222. a[t095] = t098
223. t099 = 1
224. t100 = t099 * 8
225. t101 = 1
226. t102 = t101 * 4
227. t100 = t100 + t102
228. t103 = 0
229. a[t100] = t103
230. t104 = 1
231. t105 = n - t104
232. param t105
233. param a
234. t106 = call power, 2
235. t107 = 0
236. t108 = t107 * 8
237. t109 = 0
238. t110 = t109 * 4
239. t108 = t108 + t110
240. t111 = a[t108]
241. t112 = 0
242. t113 = t112 * 8
243. t114 = 1
244. t115 = t114 * 4
245. t113 = t113 + t115
246. t116 = a[t113]
247. t117 = t111 + t116
248. return t117
249. getFib Ends
250. main Starts
251. param .LC2
252. t118 = call prints, 1
253. t119 = 0
254. i = t119
255. t120 = 45
256. if (i < t120) goto 262
257. goto 273
258. goto 273
259. t121 = i
260. i = i + 1
261. goto 255
262. param i
263. t122 = call printi, 1
264. param .LC3
265. t123 = call prints, 1
266. param i
267. t124 = call getFib, 1
268. param t124
269. t125 = call printi, 1
270. param .LC1
271. t126 = call prints, 1
272. goto 259
273. t127 = 0
274. return t127
275. main Ends
